<?xml version="1.0" encoding="UTF-8"?>
<!-- Generated by org.testng.reporters.JUnitReportReporter -->
<testsuite hostname="LAPTOP-2MN688LV" name="avimaven.MavenJava.HelloWorld" tests="1" failures="0" timestamp="18 Jul 2021 07:50:56 GMT" time="0.012" errors="0">
  <testcase name="displayFirst" time="0.012" classname="avimaven.MavenJava.HelloWorld"/>
</testsuite> <!-- avimaven.MavenJava.HelloWorld -->
