<?xml version="1.0" encoding="UTF-8"?>
<!-- Generated by org.testng.reporters.JUnitReportReporter -->
<testsuite hostname="LAPTOP-2MN688LV" failures="0" tests="1" name="avimaven.MavenJava.SecondTest" time="0.000" errors="0" timestamp="18 Jul 2021 08:10:48 GMT">
  <testcase classname="avimaven.MavenJava.SecondTest" name="displaySecond" time="0.000"/>
</testsuite> <!-- avimaven.MavenJava.SecondTest -->
