<?xml version="1.0" encoding="UTF-8"?>
<!-- Generated by org.testng.reporters.JUnitReportReporter -->
<testsuite hostname="LAPTOP-2MN688LV" failures="0" tests="2" name="avimaven.MavenJava.HelloWorldTest" time="0.007" errors="0" timestamp="18 Jul 2021 08:10:48 GMT">
  <testcase classname="avimaven.MavenJava.HelloWorldTest" name="displayFF" time="0.007"/>
  <testcase classname="avimaven.MavenJava.HelloWorldTest" name="displayFirst" time="0.000"/>
</testsuite> <!-- avimaven.MavenJava.HelloWorldTest -->
